<?xml version="1.0" encoding="UTF-8"?>
<!-- Generated by org.testng.reporters.JUnitXMLReporter -->
<testsuite hostname="Welcome-PC" ignored="0" name="Test" tests="2" failures="2" timestamp="13 Jul 2019 10:29:46 GMT" time="47.242" errors="0">
  <testcase name="loginAndLogout" time="7.315" classname="com.leafBot.testcases.CL">
    <failure type="java.lang.NullPointerException">
      <![CDATA[java.lang.NullPointerException
at org.openqa.selenium.support.ui.ExpectedConditions.elementIfVisible(ExpectedConditions.java:314)
at org.openqa.selenium.support.ui.ExpectedConditions.access$000(ExpectedConditions.java:43)
at org.openqa.selenium.support.ui.ExpectedConditions$10.apply(ExpectedConditions.java:300)
at org.openqa.selenium.support.ui.ExpectedConditions$10.apply(ExpectedConditions.java:297)
at org.openqa.selenium.support.ui.ExpectedConditions$23.apply(ExpectedConditions.java:670)
at org.openqa.selenium.support.ui.ExpectedConditions$23.apply(ExpectedConditions.java:666)
at org.openqa.selenium.support.ui.FluentWait.until(FluentWait.java:249)
at com.leafBot.selenium.api.base.SeleniumBase.click(SeleniumBase.java:43)
at com.leafBot.pages.HomePage.clickcrmsfa(HomePage.java:24)
at com.leafBot.testcases.CL.loginAndLogout(CL.java:26)
... Removed 25 stack frames]]>
    </failure>
  </testcase> <!-- loginAndLogout -->
  <testcase name="loginAndLogout" time="3.484" classname="com.leafBot.testcases.CL">
    <failure type="java.lang.NullPointerException">
      <![CDATA[java.lang.NullPointerException
at org.openqa.selenium.support.ui.ExpectedConditions.elementIfVisible(ExpectedConditions.java:314)
at org.openqa.selenium.support.ui.ExpectedConditions.access$000(ExpectedConditions.java:43)
at org.openqa.selenium.support.ui.ExpectedConditions$10.apply(ExpectedConditions.java:300)
at org.openqa.selenium.support.ui.ExpectedConditions$10.apply(ExpectedConditions.java:297)
at org.openqa.selenium.support.ui.ExpectedConditions$23.apply(ExpectedConditions.java:670)
at org.openqa.selenium.support.ui.ExpectedConditions$23.apply(ExpectedConditions.java:666)
at org.openqa.selenium.support.ui.FluentWait.until(FluentWait.java:249)
at com.leafBot.selenium.api.base.SeleniumBase.click(SeleniumBase.java:43)
at com.leafBot.pages.HomePage.clickcrmsfa(HomePage.java:24)
at com.leafBot.testcases.CL.loginAndLogout(CL.java:26)
... Removed 25 stack frames]]>
    </failure>
  </testcase> <!-- loginAndLogout -->
</testsuite> <!-- Test -->
