<?xml version="1.0" encoding="UTF-8"?>
<testng-results skipped="0" failed="0" ignored="0" total="1" passed="1">
  <reporter-output>
  </reporter-output>
  <suite name="Default suite" duration-ms="42228" started-at="2019-07-14T12:31:15Z" finished-at="2019-07-14T12:31:57Z">
    <groups>
      <group name="cucumber">
        <method signature="AbstractTestNGCucumberTests.runScenario(cucumber.api.testng.PickleEventWrapper, cucumber.api.testng.CucumberFeatureWrapper)[pri:0, instance:com.leafBot.testcases.CL@14523f8]" name="runScenario" class="cucumber.api.testng.AbstractTestNGCucumberTests"/>
      </group> <!-- cucumber -->
    </groups>
    <test name="Default test" duration-ms="42228" started-at="2019-07-14T12:31:15Z" finished-at="2019-07-14T12:31:57Z">
      <class name="com.leafBot.testcases.CL">
        <test-method status="PASS" signature="startReport()[pri:0, instance:com.leafBot.testcases.CL@14523f8]" name="startReport" is-config="true" duration-ms="1342" started-at="2019-07-14T12:31:14Z" finished-at="2019-07-14T12:31:15Z">
          <reporter-output>
          </reporter-output>
        </test-method> <!-- startReport -->
        <test-method status="PASS" signature="setData()[pri:0, instance:com.leafBot.testcases.CL@14523f8]" name="setData" is-config="true" duration-ms="0" started-at="2019-07-14T12:31:15Z" finished-at="2019-07-14T12:31:15Z">
          <reporter-output>
          </reporter-output>
        </test-method> <!-- setData -->
        <test-method status="PASS" signature="setUpClass()[pri:0, instance:com.leafBot.testcases.CL@14523f8]" name="setUpClass" is-config="true" duration-ms="405" started-at="2019-07-14T12:31:15Z" finished-at="2019-07-14T12:31:15Z">
          <reporter-output>
          </reporter-output>
        </test-method> <!-- setUpClass -->
        <test-method status="PASS" signature="report()[pri:0, instance:com.leafBot.testcases.CL@14523f8]" name="report" is-config="true" duration-ms="32" started-at="2019-07-14T12:31:15Z" finished-at="2019-07-14T12:31:15Z">
          <reporter-output>
          </reporter-output>
        </test-method> <!-- report -->
        <test-method status="PASS" signature="beforeMethod()[pri:0, instance:com.leafBot.testcases.CL@14523f8]" name="beforeMethod" is-config="true" duration-ms="10437" started-at="2019-07-14T12:31:18Z" finished-at="2019-07-14T12:31:28Z">
          <reporter-output>
          </reporter-output>
        </test-method> <!-- beforeMethod -->
        <test-method status="PASS" signature="loginAndLogout(java.lang.String, java.lang.String)[pri:0, instance:com.leafBot.testcases.CL@14523f8]" name="loginAndLogout" duration-ms="26943" started-at="2019-07-14T12:31:28Z" data-provider="fetchData" finished-at="2019-07-14T12:31:55Z">
          <params>
            <param index="0">
              <value>
                <![CDATA[DemoSalesManager]]>
              </value>
            </param>
            <param index="1">
              <value>
                <![CDATA[crmsfa]]>
              </value>
            </param>
          </params>
          <reporter-output>
          </reporter-output>
        </test-method> <!-- loginAndLogout -->
        <test-method status="PASS" signature="afterMethod()[pri:0, instance:com.leafBot.testcases.CL@14523f8]" name="afterMethod" is-config="true" duration-ms="2326" started-at="2019-07-14T12:31:55Z" finished-at="2019-07-14T12:31:57Z">
          <reporter-output>
          </reporter-output>
        </test-method> <!-- afterMethod -->
        <test-method status="PASS" signature="tearDownClass()[pri:0, instance:com.leafBot.testcases.CL@14523f8]" name="tearDownClass" is-config="true" duration-ms="0" started-at="2019-07-14T12:31:57Z" finished-at="2019-07-14T12:31:57Z">
          <reporter-output>
          </reporter-output>
        </test-method> <!-- tearDownClass -->
        <test-method status="PASS" signature="stopReport()[pri:0, instance:com.leafBot.testcases.CL@14523f8]" name="stopReport" is-config="true" duration-ms="1232" started-at="2019-07-14T12:31:57Z" finished-at="2019-07-14T12:31:59Z">
          <reporter-output>
          </reporter-output>
        </test-method> <!-- stopReport -->
      </class> <!-- com.leafBot.testcases.CL -->
    </test> <!-- Default test -->
  </suite> <!-- Default suite -->
</testng-results>
